<?xml version="1.0" encoding="UTF-8"?>
<testng-results ignored="0" total="1" passed="1" failed="0" skipped="0">
  <reporter-output>
  </reporter-output>
  <suite started-at="2026-05-19T15:21:33 IST" name="Default suite" finished-at="2026-05-19T15:21:38 IST" duration-ms="4813">
    <groups>
    </groups>
    <test started-at="2026-05-19T15:21:33 IST" name="Default test" finished-at="2026-05-19T15:21:38 IST" duration-ms="4813">
      <class name="SDET_Day23.LoginTest">
        <test-method is-config="true" signature="setup()[pri:0, instance:SDET_Day23.LoginTest@206a70ef]" started-at="2026-05-19T15:21:33 IST" name="setup" finished-at="2026-05-19T15:21:37 IST" duration-ms="3957" status="PASS">
          <reporter-output>
          </reporter-output>
        </test-method> <!-- setup -->
        <test-method signature="loginTest()[pri:0, instance:SDET_Day23.LoginTest@206a70ef]" started-at="2026-05-19T15:21:37 IST" name="loginTest" finished-at="2026-05-19T15:21:37 IST" duration-ms="454" status="PASS">
          <reporter-output>
          </reporter-output>
        </test-method> <!-- loginTest -->
        <test-method is-config="true" signature="tearDown()[pri:0, instance:SDET_Day23.LoginTest@206a70ef]" started-at="2026-05-19T15:21:37 IST" name="tearDown" finished-at="2026-05-19T15:21:38 IST" duration-ms="339" status="PASS">
          <reporter-output>
          </reporter-output>
        </test-method> <!-- tearDown -->
      </class> <!-- SDET_Day23.LoginTest -->
    </test> <!-- Default test -->
  </suite> <!-- Default suite -->
</testng-results>
