<?xml version="1.0" encoding="UTF-8"?>
<!-- Generated by org.testng.reporters.JUnitReportReporter -->
<testsuite hostname="DESKTOP-AGCGKEP" failures="0" tests="3" name="Rest.LoginDDTExcelTest" time="3.332" errors="0" timestamp="2026-05-25T18:01:28 IST" skipped="0">
  <testcase classname="Rest.LoginDDTExcelTest" name="loginTest" time="2.481"/>
  <testcase classname="Rest.LoginDDTExcelTest" name="loginTest" time="0.409"/>
  <testcase classname="Rest.LoginDDTExcelTest" name="loginTest" time="0.442"/>
</testsuite> <!-- Rest.LoginDDTExcelTest -->
