<?xml version="1.0" encoding="UTF-8"?>
<testng-results ignored="0" total="2" passed="2" failed="0" skipped="0">
  <reporter-output>
  </reporter-output>
  <suite started-at="2026-05-23T18:03:08 IST" name="GridSuite" finished-at="2026-05-23T18:03:17 IST" duration-ms="8762">
    <groups>
    </groups>
    <test started-at="2026-05-23T18:03:08 IST" name="ChromeTest" finished-at="2026-05-23T18:03:12 IST" duration-ms="4483">
      <class name="Day_27.CrossBrowserTest_Grid">
        <test-method signature="launchBrowser(java.lang.String)[pri:0, instance:Day_27.CrossBrowserTest_Grid@229f66ed]" started-at="2026-05-23T18:03:08 IST" name="launchBrowser" finished-at="2026-05-23T18:03:12 IST" duration-ms="4393" status="PASS">
          <params>
            <param index="0">
              <value>
                <![CDATA[chrome]]>
              </value>
            </param>
          </params>
          <reporter-output>
          </reporter-output>
        </test-method> <!-- launchBrowser -->
      </class> <!-- Day_27.CrossBrowserTest_Grid -->
    </test> <!-- ChromeTest -->
    <test started-at="2026-05-23T18:03:13 IST" name="EdgeTest" finished-at="2026-05-23T18:03:17 IST" duration-ms="4092">
      <class name="Day_27.CrossBrowserTest_Grid">
        <test-method signature="launchBrowser(java.lang.String)[pri:0, instance:Day_27.CrossBrowserTest_Grid@394df057]" started-at="2026-05-23T18:03:13 IST" name="launchBrowser" finished-at="2026-05-23T18:03:17 IST" duration-ms="4071" status="PASS">
          <params>
            <param index="0">
              <value>
                <![CDATA[edge]]>
              </value>
            </param>
          </params>
          <reporter-output>
          </reporter-output>
        </test-method> <!-- launchBrowser -->
      </class> <!-- Day_27.CrossBrowserTest_Grid -->
    </test> <!-- EdgeTest -->
  </suite> <!-- GridSuite -->
</testng-results>
