<?xml version="1.0" encoding="UTF-8"?>
<testng-results ignored="0" total="3" passed="3" failed="0" skipped="0">
  <reporter-output>
  </reporter-output>
  <suite started-at="2026-05-25T18:01:23 IST" name="Default suite" finished-at="2026-05-25T18:01:28 IST" duration-ms="5522">
    <groups>
    </groups>
    <test started-at="2026-05-25T18:01:23 IST" name="Default test" finished-at="2026-05-25T18:01:28 IST" duration-ms="5522">
      <class name="Rest.LoginDDTExcelTest">
        <test-method is-config="true" signature="setup()[pri:0, instance:Rest.LoginDDTExcelTest@3b69e7d1]" started-at="2026-05-25T18:01:23 IST" name="setup" finished-at="2026-05-25T18:01:24 IST" duration-ms="769" status="PASS">
          <reporter-output>
          </reporter-output>
        </test-method> <!-- setup -->
        <test-method signature="loginTest(java.lang.String,java.lang.String)[pri:0, instance:Rest.LoginDDTExcelTest@3b69e7d1]" started-at="2026-05-25T18:01:25 IST" name="loginTest" data-provider="loginData" finished-at="2026-05-25T18:01:27 IST" duration-ms="2481" status="PASS">
          <params>
            <param index="0">
              <value>
                <![CDATA[emilys]]>
              </value>
            </param>
            <param index="1">
              <value>
                <![CDATA[emilyspass]]>
              </value>
            </param>
          </params>
          <reporter-output>
          </reporter-output>
        </test-method> <!-- loginTest -->
        <test-method signature="loginTest(java.lang.String,java.lang.String)[pri:0, instance:Rest.LoginDDTExcelTest@3b69e7d1]" started-at="2026-05-25T18:01:27 IST" name="loginTest" data-provider="loginData" finished-at="2026-05-25T18:01:28 IST" duration-ms="409" status="PASS">
          <params>
            <param index="0">
              <value>
                <![CDATA[michaelw]]>
              </value>
            </param>
            <param index="1">
              <value>
                <![CDATA[wrongpass]]>
              </value>
            </param>
          </params>
          <reporter-output>
          </reporter-output>
        </test-method> <!-- loginTest -->
        <test-method signature="loginTest(java.lang.String,java.lang.String)[pri:0, instance:Rest.LoginDDTExcelTest@3b69e7d1]" started-at="2026-05-25T18:01:28 IST" name="loginTest" data-provider="loginData" finished-at="2026-05-25T18:01:28 IST" duration-ms="442" status="PASS">
          <params>
            <param index="0">
              <value>
                <![CDATA[invalidUser]]>
              </value>
            </param>
            <param index="1">
              <value>
                <![CDATA[invalid123]]>
              </value>
            </param>
          </params>
          <reporter-output>
          </reporter-output>
        </test-method> <!-- loginTest -->
        <test-method is-config="true" signature="tearDown()[pri:0, instance:Rest.LoginDDTExcelTest@3b69e7d1]" started-at="2026-05-25T18:01:28 IST" name="tearDown" finished-at="2026-05-25T18:01:28 IST" duration-ms="330" status="PASS">
          <reporter-output>
          </reporter-output>
        </test-method> <!-- tearDown -->
      </class> <!-- Rest.LoginDDTExcelTest -->
    </test> <!-- Default test -->
  </suite> <!-- Default suite -->
</testng-results>
