<?xml version="1.0" encoding="UTF-8"?>
<!-- Generated by org.testng.reporters.JUnitReportReporter -->
<testsuite hostname="DESKTOP-AGCGKEP" failures="0" tests="2" name="Day_27.CrossBrowserTest_Grid" time="8.464" errors="0" timestamp="2026-05-23T18:03:17 IST" skipped="0">
  <testcase classname="Day_27.CrossBrowserTest_Grid" name="launchBrowser" time="4.071"/>
  <testcase classname="Day_27.CrossBrowserTest_Grid" name="launchBrowser" time="4.393"/>
</testsuite> <!-- Day_27.CrossBrowserTest_Grid -->
